#-----------------------------------------------------------
# Vivado v2017.2 (64-bit)
# SW Build 1909853 on Thu Jun 15 18:39:09 MDT 2017
# IP Build 1909766 on Thu Jun 15 19:58:00 MDT 2017
# Start of session at: Sat Oct 21 12:28:05 2017
# Process ID: 4396
# Current directory: E:/NTNU/08semester/TFE4141/termProject/git/rsa-encrypt/vhdl
# Command line: vivado.exe -mode batch -source build.tcl
# Log file: E:/NTNU/08semester/TFE4141/termProject/git/rsa-encrypt/vhdl/vivado.log
# Journal file: E:/NTNU/08semester/TFE4141/termProject/git/rsa-encrypt/vhdl\vivado.jou
#-----------------------------------------------------------
source build.tcl
# set origin_dir "."
# if { [info exists ::origin_dir_loc] } {
#   set origin_dir $::origin_dir_loc
# }
# set project_name "rsa_core"
# if { [info exists ::user_project_name] } {
#   set project_name $::user_project_name
# }
# variable script_file
# set script_file "build.tcl"
# proc help {} {
#   variable script_file
#   puts "\nDescription:"
#   puts "Recreate a Vivado project from this script. The created project will be"
#   puts "functionally equivalent to the original project for which this script was"
#   puts "generated. The script contains commands for creating a project, filesets,"
#   puts "runs, adding/importing sources and setting properties on various objects.\n"
#   puts "Syntax:"
#   puts "$script_file"
#   puts "$script_file -tclargs \[--origin_dir <path>\]"
#   puts "$script_file -tclargs \[--project_name <name>\]"
#   puts "$script_file -tclargs \[--help\]\n"
#   puts "Usage:"
#   puts "Name                   Description"
#   puts "-------------------------------------------------------------------------"
#   puts "\[--origin_dir <path>\]  Determine source file paths wrt this path. Default"
#   puts "                       origin_dir path value is \".\", otherwise, the value"
#   puts "                       that was set with the \"-paths_relative_to\" switch"
#   puts "                       when this script was generated.\n"
#   puts "\[--project_name <name>\] Create project with the specified name. Default"
#   puts "                       name is the name of the project from where this"
#   puts "                       script was generated.\n"
#   puts "\[--help\]               Print help information for this script"
#   puts "-------------------------------------------------------------------------\n"
#   exit 0
# }
# if { $::argc > 0 } {
#   for {set i 0} {$i < [llength $::argc]} {incr i} {
#     set option [string trim [lindex $::argv $i]]
#     switch -regexp -- $option {
#       "--origin_dir"   { incr i; set origin_dir [lindex $::argv $i] }
#       "--project_name" { incr i; set project_name [lindex $::argv $i] }
#       "--help"         { help }
#       default {
#         if { [regexp {^-} $option] } {
#           puts "ERROR: Unknown option '$option' specified, please type '$script_file -tclargs --help' for usage info.\n"
#           return 1
#         }
#       }
#     }
#   }
# }
# set orig_proj_dir "[file normalize "$origin_dir/../rsa_core"]"
# create_project ${project_name} ./${project_name} -part xc7z030sbv485-1
# set proj_dir [get_property directory [current_project]]
# set obj [current_project]
# set_property -name "default_lib" -value "xil_defaultlib" -objects $obj
# set_property -name "ip_cache_permissions" -value "read write" -objects $obj
# set_property -name "ip_output_repo" -value "$proj_dir/${project_name}.cache/ip" -objects $obj
# set_property -name "part" -value "xc7z030sbv485-1" -objects $obj
# set_property -name "sim.ip.auto_export_scripts" -value "1" -objects $obj
# set_property -name "simulator_language" -value "VHDL" -objects $obj
# set_property -name "target_language" -value "VHDL" -objects $obj
# if {[string equal [get_filesets -quiet sources_1] ""]} {
#   create_fileset -srcset sources_1
# }
# set obj [get_filesets sources_1]
# set files [list \
#  "[file normalize "$origin_dir/src/RSACore.vhd"]"\
# ]
# add_files -norecurse -fileset $obj $files
# set file "$origin_dir/src/RSACore.vhd"
# set file [file normalize $file]
# set file_obj [get_files -of_objects [get_filesets sources_1] [list "*$file"]]
# set_property -name "file_type" -value "VHDL 2008" -objects $file_obj
# set obj [get_filesets sources_1]
# if {[string equal [get_filesets -quiet constrs_1] ""]} {
#   create_fileset -constrset constrs_1
# }
# set obj [get_filesets constrs_1]
# set obj [get_filesets constrs_1]
# if {[string equal [get_filesets -quiet sim_1] ""]} {
#   create_fileset -simset sim_1
# }
# set obj [get_filesets sim_1]
# set files [list \
#  "[file normalize "$origin_dir/testbench/RSAParameters.vhd"]"\
#  "[file normalize "$origin_dir/testbench/CompDecl.vhd"]"\
#  "[file normalize "$origin_dir/testbench/RSACoreTestBench.vhd"]"\
# ]
# add_files -norecurse -fileset $obj $files
# set file "$origin_dir/testbench/RSAParameters.vhd"
# set file [file normalize $file]
# set file_obj [get_files -of_objects [get_filesets sim_1] [list "*$file"]]
# set_property -name "file_type" -value "VHDL 2008" -objects $file_obj
# set file "$origin_dir/testbench/CompDecl.vhd"
# set file [file normalize $file]
# set file_obj [get_files -of_objects [get_filesets sim_1] [list "*$file"]]
# set_property -name "file_type" -value "VHDL 2008" -objects $file_obj
# set file "$origin_dir/testbench/RSACoreTestBench.vhd"
# set file [file normalize $file]
# set file_obj [get_files -of_objects [get_filesets sim_1] [list "*$file"]]
# set_property -name "file_type" -value "VHDL 2008" -objects $file_obj
# set obj [get_filesets sim_1]
# set_property -name "top" -value "RSACoreTestBench" -objects $obj
# if {[string equal [get_runs -quiet synth_1] ""]} {
#   create_run -name synth_1 -part xc7z030sbv485-1 -flow {Vivado Synthesis 2017} -strategy "Vivado Synthesis Defaults" -constrset constrs_1
# } else {
#   set_property strategy "Vivado Synthesis Defaults" [get_runs synth_1]
#   set_property flow "Vivado Synthesis 2017" [get_runs synth_1]
# }
# set obj [get_runs synth_1]
# set_property -name "part" -value "xc7z030sbv485-1" -objects $obj
# set_property -name "report_strategy" -value "Vivado Synthesis Default Reports" -objects $obj
ERROR: [Common 17-54] The object 'run' does not have a property 'report_strategy'.
INFO: [Common 17-206] Exiting Vivado at Sat Oct 21 12:28:14 2017...
