#-----------------------------------------------------------
# Vivado v2017.2 (64-bit)
# SW Build 1909853 on Thu Jun 15 18:39:09 MDT 2017
# IP Build 1909766 on Thu Jun 15 19:58:00 MDT 2017
# Start of session at: Tue Oct 24 14:02:43 2017
# Process ID: 8168
# Current directory: E:/NTNU/08semester/TFE4141/termProject/git/rsa-encrypt/vhdl
# Command line: vivado.exe -mode batch -source build.tcl
# Log file: E:/NTNU/08semester/TFE4141/termProject/git/rsa-encrypt/vhdl/vivado.log
# Journal file: E:/NTNU/08semester/TFE4141/termProject/git/rsa-encrypt/vhdl\vivado.jou
#-----------------------------------------------------------
source build.tcl
# set origin_dir "."
# if { [info exists ::origin_dir_loc] } {
#   set origin_dir $::origin_dir_loc
# }
# variable script_file
# set script_file "build.tcl"
# proc help {} {
#   variable script_file
#   puts "\nDescription:"
#   puts "Recreate a Vivado project from this script. The created project will be"
#   puts "functionally equivalent to the original project for which this script was"
#   puts "generated. The script contains commands for creating a project, filesets,"
#   puts "runs, adding/importing sources and setting properties on various objects.\n"
#   puts "Syntax:"
#   puts "$script_file"
#   puts "$script_file -tclargs \[--origin_dir <path>\]"
#   puts "$script_file -tclargs \[--help\]\n"
#   puts "Usage:"
#   puts "Name                   Description"
#   puts "-------------------------------------------------------------------------"
#   puts "\[--origin_dir <path>\]  Determine source file paths wrt this path. Default"
#   puts "                       origin_dir path value is \".\", otherwise, the value"
#   puts "                       that was set with the \"-paths_relative_to\" switch"
#   puts "                       when this script was generated.\n"
#   puts "\[--help\]               Print help information for this script"
#   puts "-------------------------------------------------------------------------\n"
#   exit 0
# }
# if { $::argc > 0 } {
#   for {set i 0} {$i < [llength $::argc]} {incr i} {
#     set option [string trim [lindex $::argv $i]]
#     switch -regexp -- $option {
#       "--origin_dir" { incr i; set origin_dir [lindex $::argv $i] }
#       "--help"       { help }
#       default {
#         if { [regexp {^-} $option] } {
#           puts "ERROR: Unknown option '$option' specified, please type '$script_file -tclargs --help' for usage info.\n"
#           return 1
#         }
#       }
#     }
#   }
# }
# set orig_proj_dir "[file normalize "$origin_dir/rsa_core"]"
# create_project rsa_core ./rsa_core -part xc7z030sbv485-1
ERROR: [Common 17-53] User Exception: Project already exists on disk, please use '-force' option to overwrite: 
     E:/NTNU/08semester/TFE4141/termProject/git/rsa-encrypt/vhdl/rsa_core/rsa_core.xpr
     E:/NTNU/08semester/TFE4141/termProject/git/rsa-encrypt/vhdl/rsa_core/rsa_core.runs
     E:/NTNU/08semester/TFE4141/termProject/git/rsa-encrypt/vhdl/rsa_core/rsa_core.sim
     E:/NTNU/08semester/TFE4141/termProject/git/rsa-encrypt/vhdl/rsa_core/rsa_core.cache
     E:/NTNU/08semester/TFE4141/termProject/git/rsa-encrypt/vhdl/rsa_core/rsa_core.hw
     E:/NTNU/08semester/TFE4141/termProject/git/rsa-encrypt/vhdl/rsa_core/rsa_core.ip_user_files
INFO: [Common 17-206] Exiting Vivado at Tue Oct 24 14:02:47 2017...
