#-----------------------------------------------------------
# Vivado v2017.3 (64-bit)
# SW Build 2018833 on Wed Oct  4 19:58:07 MDT 2017
# IP Build 2016188 on Wed Oct  4 21:52:56 MDT 2017
# Start of session at: Sat Oct 21 11:40:53 2017
# Process ID: 28004
# Current directory: /home/johannes/Dropbox/ntnu/H17/TFE4141 Design av digitale system 1/term-project/vhdl
# Command line: vivado -mode batch -source build.tcl
# Log file: /home/johannes/Dropbox/ntnu/H17/TFE4141 Design av digitale system 1/term-project/vhdl/vivado.log
# Journal file: /home/johannes/Dropbox/ntnu/H17/TFE4141 Design av digitale system 1/term-project/vhdl/vivado.jou
#-----------------------------------------------------------
source build.tcl
# set origin_dir "."
# if { [info exists ::origin_dir_loc] } {
#   set origin_dir $::origin_dir_loc
# }
# set project_name "rsa_core"
# if { [info exists ::user_project_name] } {
#   set project_name $::user_project_name
# }
# variable script_file
# set script_file "build.tcl"
# proc help {} {
#   variable script_file
#   puts "\nDescription:"
#   puts "Recreate a Vivado project from this script. The created project will be"
#   puts "functionally equivalent to the original project for which this script was"
#   puts "generated. The script contains commands for creating a project, filesets,"
#   puts "runs, adding/importing sources and setting properties on various objects.\n"
#   puts "Syntax:"
#   puts "$script_file"
#   puts "$script_file -tclargs \[--origin_dir <path>\]"
#   puts "$script_file -tclargs \[--project_name <name>\]"
#   puts "$script_file -tclargs \[--help\]\n"
#   puts "Usage:"
#   puts "Name                   Description"
#   puts "-------------------------------------------------------------------------"
#   puts "\[--origin_dir <path>\]  Determine source file paths wrt this path. Default"
#   puts "                       origin_dir path value is \".\", otherwise, the value"
#   puts "                       that was set with the \"-paths_relative_to\" switch"
#   puts "                       when this script was generated.\n"
#   puts "\[--project_name <name>\] Create project with the specified name. Default"
#   puts "                       name is the name of the project from where this"
#   puts "                       script was generated.\n"
#   puts "\[--help\]               Print help information for this script"
#   puts "-------------------------------------------------------------------------\n"
#   exit 0
# }
# if { $::argc > 0 } {
#   for {set i 0} {$i < [llength $::argc]} {incr i} {
#     set option [string trim [lindex $::argv $i]]
#     switch -regexp -- $option {
#       "--origin_dir"   { incr i; set origin_dir [lindex $::argv $i] }
#       "--project_name" { incr i; set project_name [lindex $::argv $i] }
#       "--help"         { help }
#       default {
#         if { [regexp {^-} $option] } {
#           puts "ERROR: Unknown option '$option' specified, please type '$script_file -tclargs --help' for usage info.\n"
#           return 1
#         }
#       }
#     }
#   }
# }
# set orig_proj_dir "[file normalize "$origin_dir/../rsa_core"]"
# create_project ${project_name} ./${project_name} -part xc7z030sbv485-1
create_project: Time (s): cpu = 00:00:00.59 ; elapsed = 00:00:05 . Memory (MB): peak = 1161.254 ; gain = 2.016 ; free physical = 130 ; free virtual = 9175
# set proj_dir [get_property directory [current_project]]
# set obj [current_project]
# set_property -name "default_lib" -value "xil_defaultlib" -objects $obj
# set_property -name "ip_cache_permissions" -value "read write" -objects $obj
# set_property -name "ip_output_repo" -value "$proj_dir/${project_name}.cache/ip" -objects $obj
# set_property -name "part" -value "xc7z030sbv485-1" -objects $obj
# set_property -name "sim.ip.auto_export_scripts" -value "1" -objects $obj
# set_property -name "simulator_language" -value "VHDL" -objects $obj
# set_property -name "target_language" -value "VHDL" -objects $obj
# if {[string equal [get_filesets -quiet sources_1] ""]} {
#   create_fileset -srcset sources_1
# }
# set obj [get_filesets sources_1]
# set files [list \
#  "[file normalize "$origin_dir/src/RSACore.vhd"]"\
# ]
# add_files -norecurse -fileset $obj $files
# set file "$origin_dir/src/RSACore.vhd"
# set file [file normalize $file]
# set file_obj [get_files -of_objects [get_filesets sources_1] [list "*$file"]]
# set_property -name "file_type" -value "VHDL 2008" -objects $file_obj
# set obj [get_filesets sources_1]
# if {[string equal [get_filesets -quiet constrs_1] ""]} {
#   create_fileset -constrset constrs_1
# }
# set obj [get_filesets constrs_1]
# set obj [get_filesets constrs_1]
# if {[string equal [get_filesets -quiet sim_1] ""]} {
#   create_fileset -simset sim_1
# }
# set obj [get_filesets sim_1]
# set files [list \
#  "[file normalize "$origin_dir/testbench/RSAParameters.vhd"]"\
#  "[file normalize "$origin_dir/testbench/CompDecl.vhd"]"\
#  "[file normalize "$origin_dir/testbench/RSACoreTestBench.vhd"]"\
# ]
# add_files -norecurse -fileset $obj $files
# set file "$origin_dir/testbench/RSAParameters.vhd"
# set file [file normalize $file]
# set file_obj [get_files -of_objects [get_filesets sim_1] [list "*$file"]]
# set_property -name "file_type" -value "VHDL 2008" -objects $file_obj
# set file "$origin_dir/testbench/CompDecl.vhd"
# set file [file normalize $file]
# set file_obj [get_files -of_objects [get_filesets sim_1] [list "*$file"]]
# set_property -name "file_type" -value "VHDL 2008" -objects $file_obj
# set file "$origin_dir/testbench/RSACoreTestBench.vhd"
# set file [file normalize $file]
# set file_obj [get_files -of_objects [get_filesets sim_1] [list "*$file"]]
# set_property -name "file_type" -value "VHDL 2008" -objects $file_obj
# set obj [get_filesets sim_1]
# set_property -name "top" -value "RSACoreTestBench" -objects $obj
# if {[string equal [get_runs -quiet synth_1] ""]} {
#   create_run -name synth_1 -part xc7z030sbv485-1 -flow {Vivado Synthesis 2017} -strategy "Vivado Synthesis Defaults" -constrset constrs_1
# } else {
#   set_property strategy "Vivado Synthesis Defaults" [get_runs synth_1]
#   set_property flow "Vivado Synthesis 2017" [get_runs synth_1]
# }
# set obj [get_runs synth_1]
# set_property -name "part" -value "xc7z030sbv485-1" -objects $obj
# set_property -name "report_strategy" -value "Vivado Synthesis Default Reports" -objects $obj
# set_property -name "strategy" -value "Vivado Synthesis Defaults" -objects $obj
# set reports [get_report_configs -of_objects $obj]
# if { [llength $reports ] > 0 } {
#   delete_report_config [get_report_configs -of_objects $obj]
# }
# if { [ string equal [get_report_configs -of_objects [get_runs synth_1] synth_1_synth_report_utilization_0] "" ] } {
#   create_report_config -report_name synth_1_synth_report_utilization_0 -report_type report_utilization:1.0 -steps synth_design -runs synth_1
# }
# set obj [get_report_configs -of_objects [get_runs synth_1] synth_1_synth_report_utilization_0]
# if { $obj != "" } {
# 
# }
# current_run -synthesis [get_runs synth_1]
# if {[string equal [get_runs -quiet impl_1] ""]} {
#   create_run -name impl_1 -part xc7z030sbv485-1 -flow {Vivado Implementation 2017} -strategy "Vivado Implementation Defaults" -constrset constrs_1 -parent_run synth_1
# } else {
#   set_property strategy "Vivado Implementation Defaults" [get_runs impl_1]
#   set_property flow "Vivado Implementation 2017" [get_runs impl_1]
# }
# set obj [get_runs impl_1]
# set_property -name "part" -value "xc7z030sbv485-1" -objects $obj
# set_property -name "report_strategy" -value "Vivado Implementation Default Reports" -objects $obj
# set_property -name "strategy" -value "Vivado Implementation Defaults" -objects $obj
# set_property -name "steps.write_bitstream.args.readback_file" -value "0" -objects $obj
# set_property -name "steps.write_bitstream.args.verbose" -value "0" -objects $obj
# set reports [get_report_configs -of_objects $obj]
# if { [llength $reports ] > 0 } {
#   delete_report_config [get_report_configs -of_objects $obj]
# }
# if { [ string equal [get_report_configs -of_objects [get_runs impl_1] impl_1_init_report_timing_summary_0] "" ] } {
#   create_report_config -report_name impl_1_init_report_timing_summary_0 -report_type report_timing_summary:1.0 -steps init_design -runs impl_1
# }
# set obj [get_report_configs -of_objects [get_runs impl_1] impl_1_init_report_timing_summary_0]
# if { $obj != "" } {
# set_property -name "is_enabled" -value "0" -objects $obj
# 
# }
# if { [ string equal [get_report_configs -of_objects [get_runs impl_1] impl_1_opt_report_drc_0] "" ] } {
#   create_report_config -report_name impl_1_opt_report_drc_0 -report_type report_drc:1.0 -steps opt_design -runs impl_1
# }
# set obj [get_report_configs -of_objects [get_runs impl_1] impl_1_opt_report_drc_0]
# if { $obj != "" } {
# 
# }
# if { [ string equal [get_report_configs -of_objects [get_runs impl_1] impl_1_opt_report_timing_summary_0] "" ] } {
#   create_report_config -report_name impl_1_opt_report_timing_summary_0 -report_type report_timing_summary:1.0 -steps opt_design -runs impl_1
# }
# set obj [get_report_configs -of_objects [get_runs impl_1] impl_1_opt_report_timing_summary_0]
# if { $obj != "" } {
# set_property -name "is_enabled" -value "0" -objects $obj
# 
# }
# if { [ string equal [get_report_configs -of_objects [get_runs impl_1] impl_1_power_opt_report_timing_summary_0] "" ] } {
#   create_report_config -report_name impl_1_power_opt_report_timing_summary_0 -report_type report_timing_summary:1.0 -steps power_opt_design -runs impl_1
# }
# set obj [get_report_configs -of_objects [get_runs impl_1] impl_1_power_opt_report_timing_summary_0]
# if { $obj != "" } {
# set_property -name "is_enabled" -value "0" -objects $obj
# 
# }
# if { [ string equal [get_report_configs -of_objects [get_runs impl_1] impl_1_place_report_io_0] "" ] } {
#   create_report_config -report_name impl_1_place_report_io_0 -report_type report_io:1.0 -steps place_design -runs impl_1
# }
# set obj [get_report_configs -of_objects [get_runs impl_1] impl_1_place_report_io_0]
# if { $obj != "" } {
# 
# }
# if { [ string equal [get_report_configs -of_objects [get_runs impl_1] impl_1_place_report_utilization_0] "" ] } {
#   create_report_config -report_name impl_1_place_report_utilization_0 -report_type report_utilization:1.0 -steps place_design -runs impl_1
# }
# set obj [get_report_configs -of_objects [get_runs impl_1] impl_1_place_report_utilization_0]
# if { $obj != "" } {
# 
# }
# if { [ string equal [get_report_configs -of_objects [get_runs impl_1] impl_1_place_report_control_sets_0] "" ] } {
#   create_report_config -report_name impl_1_place_report_control_sets_0 -report_type report_control_sets:1.0 -steps place_design -runs impl_1
# }
# set obj [get_report_configs -of_objects [get_runs impl_1] impl_1_place_report_control_sets_0]
# if { $obj != "" } {
# 
# }
# if { [ string equal [get_report_configs -of_objects [get_runs impl_1] impl_1_place_report_incremental_reuse_0] "" ] } {
#   create_report_config -report_name impl_1_place_report_incremental_reuse_0 -report_type report_incremental_reuse:1.0 -steps place_design -runs impl_1
# }
# set obj [get_report_configs -of_objects [get_runs impl_1] impl_1_place_report_incremental_reuse_0]
# if { $obj != "" } {
# set_property -name "is_enabled" -value "0" -objects $obj
# 
# }
# if { [ string equal [get_report_configs -of_objects [get_runs impl_1] impl_1_place_report_incremental_reuse_1] "" ] } {
#   create_report_config -report_name impl_1_place_report_incremental_reuse_1 -report_type report_incremental_reuse:1.0 -steps place_design -runs impl_1
# }
# set obj [get_report_configs -of_objects [get_runs impl_1] impl_1_place_report_incremental_reuse_1]
# if { $obj != "" } {
# set_property -name "is_enabled" -value "0" -objects $obj
# 
# }
# if { [ string equal [get_report_configs -of_objects [get_runs impl_1] impl_1_place_report_timing_summary_0] "" ] } {
#   create_report_config -report_name impl_1_place_report_timing_summary_0 -report_type report_timing_summary:1.0 -steps place_design -runs impl_1
# }
# set obj [get_report_configs -of_objects [get_runs impl_1] impl_1_place_report_timing_summary_0]
# if { $obj != "" } {
# set_property -name "is_enabled" -value "0" -objects $obj
# 
# }
# if { [ string equal [get_report_configs -of_objects [get_runs impl_1] impl_1_post_place_power_opt_report_timing_summary_0] "" ] } {
#   create_report_config -report_name impl_1_post_place_power_opt_report_timing_summary_0 -report_type report_timing_summary:1.0 -steps post_place_power_opt_design -runs impl_1
# }
# set obj [get_report_configs -of_objects [get_runs impl_1] impl_1_post_place_power_opt_report_timing_summary_0]
# if { $obj != "" } {
# set_property -name "is_enabled" -value "0" -objects $obj
# 
# }
# if { [ string equal [get_report_configs -of_objects [get_runs impl_1] impl_1_phys_opt_report_timing_summary_0] "" ] } {
#   create_report_config -report_name impl_1_phys_opt_report_timing_summary_0 -report_type report_timing_summary:1.0 -steps phys_opt_design -runs impl_1
# }
# set obj [get_report_configs -of_objects [get_runs impl_1] impl_1_phys_opt_report_timing_summary_0]
# if { $obj != "" } {
# set_property -name "is_enabled" -value "0" -objects $obj
# 
# }
# if { [ string equal [get_report_configs -of_objects [get_runs impl_1] impl_1_route_report_drc_0] "" ] } {
#   create_report_config -report_name impl_1_route_report_drc_0 -report_type report_drc:1.0 -steps route_design -runs impl_1
# }
# set obj [get_report_configs -of_objects [get_runs impl_1] impl_1_route_report_drc_0]
# if { $obj != "" } {
# 
# }
# if { [ string equal [get_report_configs -of_objects [get_runs impl_1] impl_1_route_report_methodology_0] "" ] } {
#   create_report_config -report_name impl_1_route_report_methodology_0 -report_type report_methodology:1.0 -steps route_design -runs impl_1
# }
# set obj [get_report_configs -of_objects [get_runs impl_1] impl_1_route_report_methodology_0]
# if { $obj != "" } {
# 
# }
# if { [ string equal [get_report_configs -of_objects [get_runs impl_1] impl_1_route_report_power_0] "" ] } {
#   create_report_config -report_name impl_1_route_report_power_0 -report_type report_power:1.0 -steps route_design -runs impl_1
# }
# set obj [get_report_configs -of_objects [get_runs impl_1] impl_1_route_report_power_0]
# if { $obj != "" } {
# 
# }
# if { [ string equal [get_report_configs -of_objects [get_runs impl_1] impl_1_route_report_route_status_0] "" ] } {
#   create_report_config -report_name impl_1_route_report_route_status_0 -report_type report_route_status:1.0 -steps route_design -runs impl_1
# }
# set obj [get_report_configs -of_objects [get_runs impl_1] impl_1_route_report_route_status_0]
# if { $obj != "" } {
# 
# }
# if { [ string equal [get_report_configs -of_objects [get_runs impl_1] impl_1_route_report_timing_summary_0] "" ] } {
#   create_report_config -report_name impl_1_route_report_timing_summary_0 -report_type report_timing_summary:1.0 -steps route_design -runs impl_1
# }
# set obj [get_report_configs -of_objects [get_runs impl_1] impl_1_route_report_timing_summary_0]
# if { $obj != "" } {
# 
# }
# if { [ string equal [get_report_configs -of_objects [get_runs impl_1] impl_1_route_report_incremental_reuse_0] "" ] } {
#   create_report_config -report_name impl_1_route_report_incremental_reuse_0 -report_type report_incremental_reuse:1.0 -steps route_design -runs impl_1
# }
# set obj [get_report_configs -of_objects [get_runs impl_1] impl_1_route_report_incremental_reuse_0]
# if { $obj != "" } {
# 
# }
# if { [ string equal [get_report_configs -of_objects [get_runs impl_1] impl_1_route_report_clock_utilization_0] "" ] } {
#   create_report_config -report_name impl_1_route_report_clock_utilization_0 -report_type report_clock_utilization:1.0 -steps route_design -runs impl_1
# }
# set obj [get_report_configs -of_objects [get_runs impl_1] impl_1_route_report_clock_utilization_0]
# if { $obj != "" } {
# 
# }
# if { [ string equal [get_report_configs -of_objects [get_runs impl_1] impl_1_post_route_phys_opt_report_timing_summary_0] "" ] } {
#   create_report_config -report_name impl_1_post_route_phys_opt_report_timing_summary_0 -report_type report_timing_summary:1.0 -steps post_route_phys_opt_design -runs impl_1
# }
# set obj [get_report_configs -of_objects [get_runs impl_1] impl_1_post_route_phys_opt_report_timing_summary_0]
# if { $obj != "" } {
# 
# }
# current_run -implementation [get_runs impl_1]
# puts "INFO: Project created:$project_name"
INFO: Project created:rsa_core
INFO: [Common 17-206] Exiting Vivado at Sat Oct 21 11:41:19 2017...
